2026-03-04 23:55:33 - app.main - ERROR - Unhandled error on /auth/login: Mapper 'Mapper[Transfer(transfers)]' has no property 'user'.  If this property was indicated from other mappers or configure events, ensure registry.configure() has been called.
Traceback (most recent call last):
  File "C:\Users\Hp\Documents\cross-border-pay\backend\venv\Lib\site-packages\sqlalchemy\orm\mapper.py", line 2520, in get_property
    return self._props[key]
           ~~~~~~~~~~~^^^^^
KeyError: 'user'

The above exception was the direct cause of the following exception:

Traceback (most recent call last):
  File "C:\Users\Hp\Documents\cross-border-pay\backend\venv\Lib\site-packages\starlette\middleware\errors.py", line 165, in __call__
    await self.app(scope, receive, _send)
  File "C:\Users\Hp\Documents\cross-border-pay\backend\venv\Lib\site-packages\starlette\middleware\cors.py", line 93, in __call__
    await self.simple_response(scope, receive, send, request_headers=headers)
  File "C:\Users\Hp\Documents\cross-border-pay\backend\venv\Lib\site-packages\starlette\middleware\cors.py", line 144, in simple_response
    await self.app(scope, receive, send)
  File "C:\Users\Hp\Documents\cross-border-pay\backend\venv\Lib\site-packages\starlette\middleware\exceptions.py", line 62, in __call__
    await wrap_app_handling_exceptions(self.app, conn)(scope, receive, send)
  File "C:\Users\Hp\Documents\cross-border-pay\backend\venv\Lib\site-packages\starlette\_exception_handler.py", line 53, in wrapped_app
    raise exc
  File "C:\Users\Hp\Documents\cross-border-pay\backend\venv\Lib\site-packages\starlette\_exception_handler.py", line 42, in wrapped_app
    await app(scope, receive, sender)
  File "C:\Users\Hp\Documents\cross-border-pay\backend\venv\Lib\site-packages\starlette\routing.py", line 715, in __call__
    await self.middleware_stack(scope, receive, send)
  File "C:\Users\Hp\Documents\cross-border-pay\backend\venv\Lib\site-packages\starlette\routing.py", line 735, in app
    await route.handle(scope, receive, send)
  File "C:\Users\Hp\Documents\cross-border-pay\backend\venv\Lib\site-packages\starlette\routing.py", line 288, in handle
    await self.app(scope, receive, send)
  File "C:\Users\Hp\Documents\cross-border-pay\backend\venv\Lib\site-packages\starlette\routing.py", line 76, in app
    await wrap_app_handling_exceptions(app, request)(scope, receive, send)
  File "C:\Users\Hp\Documents\cross-border-pay\backend\venv\Lib\site-packages\starlette\_exception_handler.py", line 53, in wrapped_app
    raise exc
  File "C:\Users\Hp\Documents\cross-border-pay\backend\venv\Lib\site-packages\starlette\_exception_handler.py", line 42, in wrapped_app
    await app(scope, receive, sender)
  File "C:\Users\Hp\Documents\cross-border-pay\backend\venv\Lib\site-packages\starlette\routing.py", line 73, in app
    response = await f(request)
               ^^^^^^^^^^^^^^^^
  File "C:\Users\Hp\Documents\cross-border-pay\backend\venv\Lib\site-packages\fastapi\routing.py", line 301, in app
    raw_response = await run_endpoint_function(
                   ^^^^^^^^^^^^^^^^^^^^^^^^^^^^
  File "C:\Users\Hp\Documents\cross-border-pay\backend\venv\Lib\site-packages\fastapi\routing.py", line 214, in run_endpoint_function
    return await run_in_threadpool(dependant.call, **values)
           ^^^^^^^^^^^^^^^^^^^^^^^^^^^^^^^^^^^^^^^^^^^^^^^^^
  File "C:\Users\Hp\Documents\cross-border-pay\backend\venv\Lib\site-packages\starlette\concurrency.py", line 39, in run_in_threadpool
    return await anyio.to_thread.run_sync(func, *args)
           ^^^^^^^^^^^^^^^^^^^^^^^^^^^^^^^^^^^^^^^^^^^
  File "C:\Users\Hp\Documents\cross-border-pay\backend\venv\Lib\site-packages\anyio\to_thread.py", line 63, in run_sync
    return await get_async_backend().run_sync_in_worker_thread(
           ^^^^^^^^^^^^^^^^^^^^^^^^^^^^^^^^^^^^^^^^^^^^^^^^^^^^
  File "C:\Users\Hp\Documents\cross-border-pay\backend\venv\Lib\site-packages\anyio\_backends\_asyncio.py", line 2502, in run_sync_in_worker_thread
    return await future
           ^^^^^^^^^^^^
  File "C:\Users\Hp\Documents\cross-border-pay\backend\venv\Lib\site-packages\anyio\_backends\_asyncio.py", line 986, in run
    result = context.run(func, *args)
             ^^^^^^^^^^^^^^^^^^^^^^^^
  File "C:\Users\Hp\Documents\cross-border-pay\backend\app\api\auth.py", line 44, in login
    user = db.query(User).filter(User.email == payload.email).first()
           ^^^^^^^^^^^^^^
  File "C:\Users\Hp\Documents\cross-border-pay\backend\venv\Lib\site-packages\sqlalchemy\orm\session.py", line 2952, in query
    return self._query_cls(entities, self, **kwargs)
           ^^^^^^^^^^^^^^^^^^^^^^^^^^^^^^^^^^^^^^^^^
  File "C:\Users\Hp\Documents\cross-border-pay\backend\venv\Lib\site-packages\sqlalchemy\orm\query.py", line 275, in __init__
    self._set_entities(entities)
  File "C:\Users\Hp\Documents\cross-border-pay\backend\venv\Lib\site-packages\sqlalchemy\orm\query.py", line 287, in _set_entities
    self._raw_columns = [
                        ^
  File "C:\Users\Hp\Documents\cross-border-pay\backend\venv\Lib\site-packages\sqlalchemy\orm\query.py", line 288, in <listcomp>
    coercions.expect(
  File "C:\Users\Hp\Documents\cross-border-pay\backend\venv\Lib\site-packages\sqlalchemy\sql\coercions.py", line 388, in expect
    insp._post_inspect
  File "C:\Users\Hp\Documents\cross-border-pay\backend\venv\Lib\site-packages\sqlalchemy\util\langhelpers.py", line 1253, in __get__
    obj.__dict__[self.__name__] = result = self.fget(obj)
                                           ^^^^^^^^^^^^^^
  File "C:\Users\Hp\Documents\cross-border-pay\backend\venv\Lib\site-packages\sqlalchemy\orm\mapper.py", line 2722, in _post_inspect
    self._check_configure()
  File "C:\Users\Hp\Documents\cross-border-pay\backend\venv\Lib\site-packages\sqlalchemy\orm\mapper.py", line 2399, in _check_configure
    _configure_registries({self.registry}, cascade=True)
  File "C:\Users\Hp\Documents\cross-border-pay\backend\venv\Lib\site-packages\sqlalchemy\orm\mapper.py", line 4215, in _configure_registries
    _do_configure_registries(registries, cascade)
  File "C:\Users\Hp\Documents\cross-border-pay\backend\venv\Lib\site-packages\sqlalchemy\orm\mapper.py", line 4256, in _do_configure_registries
    mapper._post_configure_properties()
  File "C:\Users\Hp\Documents\cross-border-pay\backend\venv\Lib\site-packages\sqlalchemy\orm\mapper.py", line 2416, in _post_configure_properties
    prop.init()
  File "C:\Users\Hp\Documents\cross-border-pay\backend\venv\Lib\site-packages\sqlalchemy\orm\interfaces.py", line 589, in init
    self.do_init()
  File "C:\Users\Hp\Documents\cross-border-pay\backend\venv\Lib\site-packages\sqlalchemy\orm\relationships.py", line 1647, in do_init
    self._generate_backref()
  File "C:\Users\Hp\Documents\cross-border-pay\backend\venv\Lib\site-packages\sqlalchemy\orm\relationships.py", line 2133, in _generate_backref
    self._add_reverse_property(self.back_populates)
  File "C:\Users\Hp\Documents\cross-border-pay\backend\venv\Lib\site-packages\sqlalchemy\orm\relationships.py", line 1578, in _add_reverse_property
    other = self.mapper.get_property(key, _configure_mappers=False)
            ^^^^^^^^^^^^^^^^^^^^^^^^^^^^^^^^^^^^^^^^^^^^^^^^^^^^^^^
  File "C:\Users\Hp\Documents\cross-border-pay\backend\venv\Lib\site-packages\sqlalchemy\orm\mapper.py", line 2522, in get_property
    raise sa_exc.InvalidRequestError(
sqlalchemy.exc.InvalidRequestError: Mapper 'Mapper[Transfer(transfers)]' has no property 'user'.  If this property was indicated from other mappers or configure events, ensure registry.configure() has been called.
